17/05 15:38:28:897|DEBUG|ASP.global_asax|Iquomi Web Site startup
17/05 15:38:44:827|DEBUG|Commanigy.Iquomi.Data.DataStore|DataStore initialized as Commanigy.Iquomi.Data.DataStore
19/08 12:24:22:031|DEBUG|ASP.global_asax|Iquomi Web Site startup
19/08 12:25:06:640|DEBUG|Commanigy.Iquomi.Data.DataStore|DataStore initialized as Commanigy.Iquomi.Data.DataStore
19/08 12:25:07:203|ERROR|ASP.global_asax|Error in application on http://localhost:4080/site/logon.aspx?email=peter@theill.com&password=g5zTb4oNXBR1VWyUqhNdcQ==&NoHashing=True
System.Web.HttpUnhandledException: Exception of type 'System.Web.HttpUnhandledException' was thrown. ---> System.Data.SqlClient.SqlException: Cannot open database "iquomi" requested by the login. The login failed.
Login failed for user 'sa'.
   at System.Data.SqlClient.SqlInternalConnection.OnError(SqlException exception, Boolean breakConnection)
   at System.Data.SqlClient.TdsParser.ThrowExceptionAndWarning(TdsParserStateObject stateObj)
   at System.Data.SqlClient.TdsParser.Run(RunBehavior runBehavior, SqlCommand cmdHandler, SqlDataReader dataStream, BulkCopySimpleResultSet bulkCopyHandler, TdsParserStateObject stateObj)
   at System.Data.SqlClient.SqlInternalConnectionTds.CompleteLogin(Boolean enlistOK)
   at System.Data.SqlClient.SqlInternalConnectionTds.AttemptOneLogin(ServerInfo serverInfo, String newPassword, Boolean ignoreSniOpenTimeout, Int64 timerExpire, SqlConnection owningObject)
   at System.Data.SqlClient.SqlInternalConnectionTds.LoginNoFailover(String host, String newPassword, Boolean redirectedUserInstance, SqlConnection owningObject, SqlConnectionString connectionOptions, Int64 timerStart)
   at System.Data.SqlClient.SqlInternalConnectionTds.OpenLoginEnlist(SqlConnection owningObject, SqlConnectionString connectionOptions, String newPassword, Boolean redirectedUserInstance)
   at System.Data.SqlClient.SqlInternalConnectionTds..ctor(DbConnectionPoolIdentity identity, SqlConnectionString connectionOptions, Object providerInfo, String newPassword, SqlConnection owningObject, Boolean redirectedUserInstance)
   at System.Data.SqlClient.SqlConnectionFactory.CreateConnection(DbConnectionOptions options, Object poolGroupProviderInfo, DbConnectionPool pool, DbConnection owningConnection)
   at System.Data.ProviderBase.DbConnectionFactory.CreatePooledConnection(DbConnection owningConnection, DbConnectionPool pool, DbConnectionOptions options)
   at System.Data.ProviderBase.DbConnectionPool.CreateObject(DbConnection owningObject)
   at System.Data.ProviderBase.DbConnectionPool.UserCreateRequest(DbConnection owningObject)
   at System.Data.ProviderBase.DbConnectionPool.GetConnection(DbConnection owningObject)
   at System.Data.ProviderBase.DbConnectionFactory.GetConnection(DbConnection owningConnection)
   at System.Data.ProviderBase.DbConnectionClosed.OpenConnection(DbConnection outerConnection, DbConnectionFactory connectionFactory)
   at System.Data.SqlClient.SqlConnection.Open()
   at Commanigy.Iquomi.Data.DbUtility.Open() in C:\Documents and Settings\peter\Desktop\googlecode-import\iquomi.googlecode.com\server\dataaccess\DbUtility.cs:line 203
   at Commanigy.Iquomi.Data.DbUtility.Fill[T](T obj) in C:\Documents and Settings\peter\Desktop\googlecode-import\iquomi.googlecode.com\server\dataaccess\DbUtility.cs:line 134
   at Commanigy.Iquomi.Data.DbAccount.DbFindByEmailAndPassword() in C:\Documents and Settings\peter\Desktop\googlecode-import\iquomi.googlecode.com\server\dataaccess\DbAccount.cs:line 97
   at Commanigy.Iquomi.Web.LogOnPage.Page_Load(Object sender, EventArgs e) in c:\Documents and Settings\peter\Desktop\googlecode-import\iquomi.googlecode.com\site\logon.aspx.cs:line 43
   at System.Web.Util.CalliHelper.EventArgFunctionCaller(IntPtr fp, Object o, Object t, EventArgs e)
   at System.Web.Util.CalliEventHandlerDelegateProxy.Callback(Object sender, EventArgs e)
   at System.Web.UI.Control.OnLoad(EventArgs e)
   at System.Web.UI.Control.LoadRecursive()
   at System.Web.UI.Page.ProcessRequestMain(Boolean includeStagesBeforeAsyncPoint, Boolean includeStagesAfterAsyncPoint)
   --- End of inner exception stack trace ---
   at System.Web.UI.Page.HandleError(Exception e)
   at System.Web.UI.Page.ProcessRequestMain(Boolean includeStagesBeforeAsyncPoint, Boolean includeStagesAfterAsyncPoint)
   at System.Web.UI.Page.ProcessRequest(Boolean includeStagesBeforeAsyncPoint, Boolean includeStagesAfterAsyncPoint)
   at System.Web.UI.Page.ProcessRequest()
   at System.Web.UI.Page.ProcessRequestWithNoAssert(HttpContext context)
   at System.Web.UI.Page.ProcessRequest(HttpContext context)
   at ASP.logon_aspx.ProcessRequest(HttpContext context) in c:\WINDOWS\Microsoft.NET\Framework\v2.0.50727\Temporary ASP.NET Files\site\01bad149\db0a86e2\App_Web_czk5ctok.78.cs:line 0
   at System.Web.HttpApplication.CallHandlerExecutionStep.System.Web.HttpApplication.IExecutionStep.Execute()
   at System.Web.HttpApplication.ExecuteStep(IExecutionStep step, Boolean& completedSynchronously)
